{"C:\\Programacion\\AppHimnario\\src\\data\\chordDiagrams.ts": {"path":"C:\\Programacion\\AppHimnario\\src\\data\\chordDiagrams.ts","statementMap":{"0":{"start":{"line":10,"column":44},"end":{"line":18,"column":1}},"1":{"start":{"line":20,"column":50},"end":{"line":35,"column":1}},"2":{"start":{"line":38,"column":18},"end":{"line":38,"column":35}},"3":{"start":{"line":39,"column":2},"end":{"line":39,"column":39}},"4":{"start":{"line":39,"column":29},"end":{"line":39,"column":39}},"5":{"start":{"line":40,"column":20},"end":{"line":40,"column":41}},"6":{"start":{"line":41,"column":2},"end":{"line":41,"column":28}},"7":{"start":{"line":41,"column":18},"end":{"line":41,"column":28}},"8":{"start":{"line":42,"column":2},"end":{"line":42,"column":48}},"9":{"start":{"line":42,"column":28},"end":{"line":42,"column":46}},"10":{"start":{"line":46,"column":16},"end":{"line":46,"column":56}},"11":{"start":{"line":47,"column":2},"end":{"line":47,"column":26}},"12":{"start":{"line":47,"column":14},"end":{"line":47,"column":26}},"13":{"start":{"line":48,"column":15},"end":{"line":48,"column":67}},"14":{"start":{"line":49,"column":13},"end":{"line":49,"column":21}},"15":{"start":{"line":50,"column":42},"end":{"line":58,"column":3}},"16":{"start":{"line":59,"column":2},"end":{"line":59,"column":29}},"17":{"start":{"line":60,"column":2},"end":{"line":60,"column":24}},"18":{"start":{"line":64,"column":16},"end":{"line":64,"column":39}},"19":{"start":{"line":65,"column":2},"end":{"line":65,"column":26}},"20":{"start":{"line":65,"column":13},"end":{"line":65,"column":26}},"21":{"start":{"line":67,"column":17},"end":{"line":67,"column":37}},"22":{"start":{"line":68,"column":2},"end":{"line":68,"column":27}},"23":{"start":{"line":68,"column":15},"end":{"line":68,"column":27}},"24":{"start":{"line":70,"column":21},"end":{"line":70,"column":65}},"25":{"start":{"line":71,"column":2},"end":{"line":71,"column":43}},"26":{"start":{"line":71,"column":31},"end":{"line":71,"column":43}},"27":{"start":{"line":73,"column":2},"end":{"line":76,"column":4}},"28":{"start":{"line":79,"column":63},"end":{"line":144,"column":1}}},"fnMap":{"0":{"name":"generatePianoNotes","decl":{"start":{"line":37,"column":9},"end":{"line":37,"column":27}},"loc":{"start":{"line":37,"column":66},"end":{"line":43,"column":1}},"line":37},"1":{"name":"(anonymous_1)","decl":{"start":{"line":42,"column":23},"end":{"line":42,"column":24}},"loc":{"start":{"line":42,"column":28},"end":{"line":42,"column":46}},"line":42},"2":{"name":"parseChord","decl":{"start":{"line":45,"column":9},"end":{"line":45,"column":19}},"loc":{"start":{"line":45,"column":77},"end":{"line":61,"column":1}},"line":45},"3":{"name":"getChordDiagram","decl":{"start":{"line":63,"column":16},"end":{"line":63,"column":31}},"loc":{"start":{"line":63,"column":75},"end":{"line":77,"column":1}},"line":63}},"branchMap":{"0":{"loc":{"start":{"line":39,"column":2},"end":{"line":39,"column":39}},"type":"if","locations":[{"start":{"line":39,"column":2},"end":{"line":39,"column":39}},{"start":{},"end":{}}],"line":39},"1":{"loc":{"start":{"line":41,"column":2},"end":{"line":41,"column":28}},"type":"if","locations":[{"start":{"line":41,"column":2},"end":{"line":41,"column":28}},{"start":{},"end":{}}],"line":41},"2":{"loc":{"start":{"line":47,"column":2},"end":{"line":47,"column":26}},"type":"if","locations":[{"start":{"line":47,"column":2},"end":{"line":47,"column":26}},{"start":{},"end":{}}],"line":47},"3":{"loc":{"start":{"line":59,"column":9},"end":{"line":59,"column":28}},"type":"binary-expr","locations":[{"start":{"line":59,"column":9},"end":{"line":59,"column":22}},{"start":{"line":59,"column":26},"end":{"line":59,"column":28}}],"line":59},"4":{"loc":{"start":{"line":65,"column":2},"end":{"line":65,"column":26}},"type":"if","locations":[{"start":{"line":65,"column":2},"end":{"line":65,"column":26}},{"start":{},"end":{}}],"line":65},"5":{"loc":{"start":{"line":68,"column":2},"end":{"line":68,"column":27}},"type":"if","locations":[{"start":{"line":68,"column":2},"end":{"line":68,"column":27}},{"start":{},"end":{}}],"line":68},"6":{"loc":{"start":{"line":71,"column":2},"end":{"line":71,"column":43}},"type":"if","locations":[{"start":{"line":71,"column":2},"end":{"line":71,"column":43}},{"start":{},"end":{}}],"line":71}},"s":{"0":1,"1":1,"2":5,"3":5,"4":0,"5":5,"6":5,"7":0,"8":5,"9":18,"10":6,"11":6,"12":1,"13":5,"14":5,"15":5,"16":5,"17":5,"18":11,"19":11,"20":5,"21":6,"22":6,"23":1,"24":5,"25":5,"26":0,"27":5,"28":1},"f":{"0":5,"1":18,"2":6,"3":11},"b":{"0":[0,5],"1":[0,5],"2":[1,5],"3":[5,0],"4":[5,6],"5":[1,5],"6":[0,5]},"_coverageSchema":"1a1c01bbd47fc00a2c39e90264f33305004495a9","hash":"53d864ce0c4f2b33bf8b3e742f4ed60855cc06c6"}
,"C:\\Programacion\\AppHimnario\\src\\data\\hymns.ts": {"path":"C:\\Programacion\\AppHimnario\\src\\data\\hymns.ts","statementMap":{"0":{"start":{"line":10,"column":33},"end":{"line":57,"column":1}}},"fnMap":{},"branchMap":{},"s":{"0":0},"f":{},"b":{}}
,"C:\\Programacion\\AppHimnario\\src\\services\\scraperService.ts": {"path":"C:\\Programacion\\AppHimnario\\src\\services\\scraperService.ts","statementMap":{"0":{"start":{"line":18,"column":33},"end":{"line":104,"column":1}},"1":{"start":{"line":19,"column":2},"end":{"line":103,"column":3}},"2":{"start":{"line":20,"column":21},"end":{"line":26,"column":6}},"3":{"start":{"line":28,"column":4},"end":{"line":33,"column":5}},"4":{"start":{"line":29,"column":6},"end":{"line":32,"column":8}},"5":{"start":{"line":35,"column":17},"end":{"line":35,"column":38}},"6":{"start":{"line":37,"column":4},"end":{"line":37,"column":144}},"7":{"start":{"line":42,"column":23},"end":{"line":42,"column":25}},"8":{"start":{"line":44,"column":22},"end":{"line":44,"column":65}},"9":{"start":{"line":45,"column":4},"end":{"line":56,"column":5}},"10":{"start":{"line":47,"column":25},"end":{"line":47,"column":84}},"11":{"start":{"line":47,"column":52},"end":{"line":47,"column":79}},"12":{"start":{"line":49,"column":6},"end":{"line":49,"column":63}},"13":{"start":{"line":50,"column":11},"end":{"line":56,"column":5}},"14":{"start":{"line":52,"column":24},"end":{"line":52,"column":67}},"15":{"start":{"line":53,"column":6},"end":{"line":55,"column":7}},"16":{"start":{"line":54,"column":9},"end":{"line":54,"column":76}},"17":{"start":{"line":59,"column":16},"end":{"line":59,"column":35}},"18":{"start":{"line":60,"column":4},"end":{"line":63,"column":5}},"19":{"start":{"line":61,"column":23},"end":{"line":61,"column":70}},"20":{"start":{"line":62,"column":6},"end":{"line":62,"column":54}},"21":{"start":{"line":65,"column":4},"end":{"line":97,"column":5}},"22":{"start":{"line":67,"column":22},"end":{"line":70,"column":15}},"23":{"start":{"line":73,"column":26},"end":{"line":78,"column":7}},"24":{"start":{"line":80,"column":6},"end":{"line":82,"column":7}},"25":{"start":{"line":81,"column":8},"end":{"line":81,"column":50}},"26":{"start":{"line":84,"column":6},"end":{"line":84,"column":35}},"27":{"start":{"line":86,"column":6},"end":{"line":91,"column":8}},"28":{"start":{"line":93,"column":6},"end":{"line":96,"column":8}},"29":{"start":{"line":99,"column":4},"end":{"line":102,"column":6}}},"fnMap":{"0":{"name":"(anonymous_0)","decl":{"start":{"line":18,"column":33},"end":{"line":18,"column":34}},"loc":{"start":{"line":18,"column":78},"end":{"line":104,"column":1}},"line":18},"1":{"name":"(anonymous_1)","decl":{"start":{"line":47,"column":42},"end":{"line":47,"column":43}},"loc":{"start":{"line":47,"column":52},"end":{"line":47,"column":79}},"line":47}},"branchMap":{"0":{"loc":{"start":{"line":28,"column":4},"end":{"line":33,"column":5}},"type":"if","locations":[{"start":{"line":28,"column":4},"end":{"line":33,"column":5}},{"start":{},"end":{}}],"line":28},"1":{"loc":{"start":{"line":45,"column":4},"end":{"line":56,"column":5}},"type":"if","locations":[{"start":{"line":45,"column":4},"end":{"line":56,"column":5}},{"start":{"line":50,"column":11},"end":{"line":56,"column":5}}],"line":45},"2":{"loc":{"start":{"line":45,"column":8},"end":{"line":45,"column":41}},"type":"binary-expr","locations":[{"start":{"line":45,"column":8},"end":{"line":45,"column":17}},{"start":{"line":45,"column":21},"end":{"line":45,"column":41}}],"line":45},"3":{"loc":{"start":{"line":47,"column":52},"end":{"line":47,"column":79}},"type":"cond-expr","locations":[{"start":{"line":47,"column":74},"end":{"line":47,"column":75}},{"start":{"line":47,"column":78},"end":{"line":47,"column":79}}],"line":47},"4":{"loc":{"start":{"line":50,"column":11},"end":{"line":56,"column":5}},"type":"if","locations":[{"start":{"line":50,"column":11},"end":{"line":56,"column":5}},{"start":{},"end":{}}],"line":50},"5":{"loc":{"start":{"line":53,"column":6},"end":{"line":55,"column":7}},"type":"if","locations":[{"start":{"line":53,"column":6},"end":{"line":55,"column":7}},{"start":{},"end":{}}],"line":53},"6":{"loc":{"start":{"line":60,"column":4},"end":{"line":63,"column":5}},"type":"if","locations":[{"start":{"line":60,"column":4},"end":{"line":63,"column":5}},{"start":{},"end":{}}],"line":60},"7":{"loc":{"start":{"line":65,"column":4},"end":{"line":97,"column":5}},"type":"if","locations":[{"start":{"line":65,"column":4},"end":{"line":97,"column":5}},{"start":{"line":92,"column":11},"end":{"line":97,"column":5}}],"line":65},"8":{"loc":{"start":{"line":65,"column":8},"end":{"line":65,"column":55}},"type":"binary-expr","locations":[{"start":{"line":65,"column":8},"end":{"line":65,"column":20}},{"start":{"line":65,"column":24},"end":{"line":65,"column":55}}],"line":65}},"s":{"0":1,"1":6,"2":6,"3":5,"4":1,"5":4,"6":4,"7":4,"8":4,"9":4,"10":3,"11":4,"12":3,"13":1,"14":0,"15":0,"16":0,"17":4,"18":4,"19":2,"20":2,"21":4,"22":3,"23":3,"24":3,"25":12,"26":3,"27":3,"28":1,"29":1},"f":{"0":6,"1":4},"b":{"0":[1,4],"1":[3,1],"2":[4,3],"3":[0,4],"4":[0,1],"5":[0,0],"6":[2,2],"7":[3,1],"8":[4,3]},"_coverageSchema":"1a1c01bbd47fc00a2c39e90264f33305004495a9","hash":"52103aa7cec717a1fb7f1313b283984d0523a596"}
,"C:\\Programacion\\AppHimnario\\src\\store\\useAppStore.ts": {"path":"C:\\Programacion\\AppHimnario\\src\\store\\useAppStore.ts","statementMap":{"0":{"start":{"line":44,"column":27},"end":{"line":150,"column":1}},"1":{"start":{"line":46,"column":14},"end":{"line":144,"column":5}},"2":{"start":{"line":58,"column":27},"end":{"line":58,"column":41}},"3":{"start":{"line":59,"column":25},"end":{"line":61,"column":9}},"4":{"start":{"line":59,"column":41},"end":{"line":61,"column":7}},"5":{"start":{"line":62,"column":37},"end":{"line":62,"column":56}},"6":{"start":{"line":63,"column":29},"end":{"line":63,"column":52}},"7":{"start":{"line":65,"column":8},"end":{"line":67,"column":11}},"8":{"start":{"line":65,"column":24},"end":{"line":67,"column":9}},"9":{"start":{"line":69,"column":8},"end":{"line":71,"column":11}},"10":{"start":{"line":69,"column":24},"end":{"line":71,"column":9}},"11":{"start":{"line":73,"column":8},"end":{"line":75,"column":11}},"12":{"start":{"line":73,"column":24},"end":{"line":75,"column":9}},"13":{"start":{"line":77,"column":8},"end":{"line":79,"column":11}},"14":{"start":{"line":77,"column":24},"end":{"line":79,"column":9}},"15":{"start":{"line":81,"column":8},"end":{"line":85,"column":11}},"16":{"start":{"line":81,"column":24},"end":{"line":85,"column":9}},"17":{"start":{"line":83,"column":45},"end":{"line":83,"column":58}},"18":{"start":{"line":87,"column":8},"end":{"line":97,"column":10}},"19":{"start":{"line":88,"column":25},"end":{"line":88,"column":78}},"20":{"start":{"line":88,"column":55},"end":{"line":88,"column":77}},"21":{"start":{"line":89,"column":10},"end":{"line":95,"column":11}},"22":{"start":{"line":90,"column":12},"end":{"line":94,"column":14}},"23":{"start":{"line":92,"column":16},"end":{"line":92,"column":62}},"24":{"start":{"line":96,"column":10},"end":{"line":96,"column":63}},"25":{"start":{"line":99,"column":8},"end":{"line":101,"column":11}},"26":{"start":{"line":99,"column":24},"end":{"line":101,"column":9}},"27":{"start":{"line":100,"column":58},"end":{"line":100,"column":78}},"28":{"start":{"line":103,"column":8},"end":{"line":107,"column":11}},"29":{"start":{"line":103,"column":24},"end":{"line":107,"column":9}},"30":{"start":{"line":105,"column":12},"end":{"line":105,"column":63}},"31":{"start":{"line":110,"column":8},"end":{"line":112,"column":11}},"32":{"start":{"line":110,"column":24},"end":{"line":112,"column":9}},"33":{"start":{"line":114,"column":8},"end":{"line":116,"column":11}},"34":{"start":{"line":114,"column":24},"end":{"line":116,"column":9}},"35":{"start":{"line":115,"column":47},"end":{"line":115,"column":58}},"36":{"start":{"line":118,"column":8},"end":{"line":124,"column":11}},"37":{"start":{"line":118,"column":24},"end":{"line":124,"column":9}},"38":{"start":{"line":120,"column":12},"end":{"line":122,"column":17}},"39":{"start":{"line":126,"column":8},"end":{"line":132,"column":11}},"40":{"start":{"line":126,"column":24},"end":{"line":132,"column":9}},"41":{"start":{"line":128,"column":12},"end":{"line":130,"column":17}},"42":{"start":{"line":129,"column":56},"end":{"line":129,"column":69}},"43":{"start":{"line":134,"column":8},"end":{"line":143,"column":11}},"44":{"start":{"line":134,"column":24},"end":{"line":143,"column":9}},"45":{"start":{"line":147,"column":39},"end":{"line":147,"column":51}}},"fnMap":{"0":{"name":"(anonymous_0)","decl":{"start":{"line":46,"column":4},"end":{"line":46,"column":5}},"loc":{"start":{"line":46,"column":14},"end":{"line":144,"column":5}},"line":46},"1":{"name":"(anonymous_1)","decl":{"start":{"line":58,"column":16},"end":{"line":58,"column":17}},"loc":{"start":{"line":58,"column":27},"end":{"line":58,"column":41}},"line":58},"2":{"name":"(anonymous_2)","decl":{"start":{"line":59,"column":19},"end":{"line":59,"column":20}},"loc":{"start":{"line":59,"column":25},"end":{"line":61,"column":9}},"line":59},"3":{"name":"(anonymous_3)","decl":{"start":{"line":59,"column":29},"end":{"line":59,"column":30}},"loc":{"start":{"line":59,"column":41},"end":{"line":61,"column":7}},"line":59},"4":{"name":"(anonymous_4)","decl":{"start":{"line":62,"column":21},"end":{"line":62,"column":22}},"loc":{"start":{"line":62,"column":37},"end":{"line":62,"column":56}},"line":62},"5":{"name":"(anonymous_5)","decl":{"start":{"line":63,"column":19},"end":{"line":63,"column":20}},"loc":{"start":{"line":63,"column":29},"end":{"line":63,"column":52}},"line":63},"6":{"name":"(anonymous_6)","decl":{"start":{"line":64,"column":27},"end":{"line":64,"column":28}},"loc":{"start":{"line":65,"column":8},"end":{"line":67,"column":11}},"line":65},"7":{"name":"(anonymous_7)","decl":{"start":{"line":65,"column":12},"end":{"line":65,"column":13}},"loc":{"start":{"line":65,"column":24},"end":{"line":67,"column":9}},"line":65},"8":{"name":"(anonymous_8)","decl":{"start":{"line":68,"column":18},"end":{"line":68,"column":19}},"loc":{"start":{"line":69,"column":8},"end":{"line":71,"column":11}},"line":69},"9":{"name":"(anonymous_9)","decl":{"start":{"line":69,"column":12},"end":{"line":69,"column":13}},"loc":{"start":{"line":69,"column":24},"end":{"line":71,"column":9}},"line":69},"10":{"name":"(anonymous_10)","decl":{"start":{"line":72,"column":19},"end":{"line":72,"column":20}},"loc":{"start":{"line":73,"column":8},"end":{"line":75,"column":11}},"line":73},"11":{"name":"(anonymous_11)","decl":{"start":{"line":73,"column":12},"end":{"line":73,"column":13}},"loc":{"start":{"line":73,"column":24},"end":{"line":75,"column":9}},"line":73},"12":{"name":"(anonymous_12)","decl":{"start":{"line":76,"column":26},"end":{"line":76,"column":27}},"loc":{"start":{"line":77,"column":8},"end":{"line":79,"column":11}},"line":77},"13":{"name":"(anonymous_13)","decl":{"start":{"line":77,"column":12},"end":{"line":77,"column":13}},"loc":{"start":{"line":77,"column":24},"end":{"line":79,"column":9}},"line":77},"14":{"name":"(anonymous_14)","decl":{"start":{"line":80,"column":22},"end":{"line":80,"column":23}},"loc":{"start":{"line":81,"column":8},"end":{"line":85,"column":11}},"line":81},"15":{"name":"(anonymous_15)","decl":{"start":{"line":81,"column":12},"end":{"line":81,"column":13}},"loc":{"start":{"line":81,"column":24},"end":{"line":85,"column":9}},"line":81},"16":{"name":"(anonymous_16)","decl":{"start":{"line":83,"column":37},"end":{"line":83,"column":38}},"loc":{"start":{"line":83,"column":45},"end":{"line":83,"column":58}},"line":83},"17":{"name":"(anonymous_17)","decl":{"start":{"line":86,"column":21},"end":{"line":86,"column":22}},"loc":{"start":{"line":87,"column":8},"end":{"line":97,"column":10}},"line":87},"18":{"name":"(anonymous_18)","decl":{"start":{"line":87,"column":12},"end":{"line":87,"column":13}},"loc":{"start":{"line":87,"column":23},"end":{"line":97,"column":9}},"line":87},"19":{"name":"(anonymous_19)","decl":{"start":{"line":88,"column":48},"end":{"line":88,"column":49}},"loc":{"start":{"line":88,"column":55},"end":{"line":88,"column":77}},"line":88},"20":{"name":"(anonymous_20)","decl":{"start":{"line":91,"column":49},"end":{"line":91,"column":50}},"loc":{"start":{"line":92,"column":16},"end":{"line":92,"column":62}},"line":92},"21":{"name":"(anonymous_21)","decl":{"start":{"line":98,"column":24},"end":{"line":98,"column":25}},"loc":{"start":{"line":99,"column":8},"end":{"line":101,"column":11}},"line":99},"22":{"name":"(anonymous_22)","decl":{"start":{"line":99,"column":12},"end":{"line":99,"column":13}},"loc":{"start":{"line":99,"column":24},"end":{"line":101,"column":9}},"line":99},"23":{"name":"(anonymous_23)","decl":{"start":{"line":100,"column":48},"end":{"line":100,"column":49}},"loc":{"start":{"line":100,"column":58},"end":{"line":100,"column":78}},"line":100},"24":{"name":"(anonymous_24)","decl":{"start":{"line":102,"column":32},"end":{"line":102,"column":33}},"loc":{"start":{"line":103,"column":8},"end":{"line":107,"column":11}},"line":103},"25":{"name":"(anonymous_25)","decl":{"start":{"line":103,"column":12},"end":{"line":103,"column":13}},"loc":{"start":{"line":103,"column":24},"end":{"line":107,"column":9}},"line":103},"26":{"name":"(anonymous_26)","decl":{"start":{"line":104,"column":45},"end":{"line":104,"column":46}},"loc":{"start":{"line":105,"column":12},"end":{"line":105,"column":63}},"line":105},"27":{"name":"(anonymous_27)","decl":{"start":{"line":109,"column":21},"end":{"line":109,"column":22}},"loc":{"start":{"line":110,"column":8},"end":{"line":112,"column":11}},"line":110},"28":{"name":"(anonymous_28)","decl":{"start":{"line":110,"column":12},"end":{"line":110,"column":13}},"loc":{"start":{"line":110,"column":24},"end":{"line":112,"column":9}},"line":110},"29":{"name":"(anonymous_29)","decl":{"start":{"line":113,"column":21},"end":{"line":113,"column":22}},"loc":{"start":{"line":114,"column":8},"end":{"line":116,"column":11}},"line":114},"30":{"name":"(anonymous_30)","decl":{"start":{"line":114,"column":12},"end":{"line":114,"column":13}},"loc":{"start":{"line":114,"column":24},"end":{"line":116,"column":9}},"line":114},"31":{"name":"(anonymous_31)","decl":{"start":{"line":115,"column":42},"end":{"line":115,"column":43}},"loc":{"start":{"line":115,"column":47},"end":{"line":115,"column":58}},"line":115},"32":{"name":"(anonymous_32)","decl":{"start":{"line":117,"column":24},"end":{"line":117,"column":25}},"loc":{"start":{"line":118,"column":8},"end":{"line":124,"column":11}},"line":118},"33":{"name":"(anonymous_33)","decl":{"start":{"line":118,"column":12},"end":{"line":118,"column":13}},"loc":{"start":{"line":118,"column":24},"end":{"line":124,"column":9}},"line":118},"34":{"name":"(anonymous_34)","decl":{"start":{"line":119,"column":39},"end":{"line":119,"column":40}},"loc":{"start":{"line":120,"column":12},"end":{"line":122,"column":17}},"line":120},"35":{"name":"(anonymous_35)","decl":{"start":{"line":125,"column":29},"end":{"line":125,"column":30}},"loc":{"start":{"line":126,"column":8},"end":{"line":132,"column":11}},"line":126},"36":{"name":"(anonymous_36)","decl":{"start":{"line":126,"column":12},"end":{"line":126,"column":13}},"loc":{"start":{"line":126,"column":24},"end":{"line":132,"column":9}},"line":126},"37":{"name":"(anonymous_37)","decl":{"start":{"line":127,"column":39},"end":{"line":127,"column":40}},"loc":{"start":{"line":128,"column":12},"end":{"line":130,"column":17}},"line":128},"38":{"name":"(anonymous_38)","decl":{"start":{"line":129,"column":50},"end":{"line":129,"column":51}},"loc":{"start":{"line":129,"column":56},"end":{"line":129,"column":69}},"line":129},"39":{"name":"(anonymous_39)","decl":{"start":{"line":133,"column":21},"end":{"line":133,"column":22}},"loc":{"start":{"line":134,"column":8},"end":{"line":143,"column":11}},"line":134},"40":{"name":"(anonymous_40)","decl":{"start":{"line":134,"column":12},"end":{"line":134,"column":13}},"loc":{"start":{"line":134,"column":24},"end":{"line":143,"column":9}},"line":134},"41":{"name":"(anonymous_41)","decl":{"start":{"line":147,"column":33},"end":{"line":147,"column":34}},"loc":{"start":{"line":147,"column":39},"end":{"line":147,"column":51}},"line":147}},"branchMap":{"0":{"loc":{"start":{"line":60,"column":15},"end":{"line":60,"column":56}},"type":"cond-expr","locations":[{"start":{"line":60,"column":40},"end":{"line":60,"column":47}},{"start":{"line":60,"column":50},"end":{"line":60,"column":56}}],"line":60},"1":{"loc":{"start":{"line":78,"column":58},"end":{"line":78,"column":86}},"type":"binary-expr","locations":[{"start":{"line":78,"column":58},"end":{"line":78,"column":81}},{"start":{"line":78,"column":85},"end":{"line":78,"column":86}}],"line":78},"2":{"loc":{"start":{"line":82,"column":21},"end":{"line":84,"column":42}},"type":"cond-expr","locations":[{"start":{"line":83,"column":14},"end":{"line":83,"column":59}},{"start":{"line":84,"column":14},"end":{"line":84,"column":42}}],"line":82},"3":{"loc":{"start":{"line":89,"column":10},"end":{"line":95,"column":11}},"type":"if","locations":[{"start":{"line":89,"column":10},"end":{"line":95,"column":11}},{"start":{},"end":{}}],"line":89},"4":{"loc":{"start":{"line":92,"column":16},"end":{"line":92,"column":62}},"type":"cond-expr","locations":[{"start":{"line":92,"column":41},"end":{"line":92,"column":58}},{"start":{"line":92,"column":61},"end":{"line":92,"column":62}}],"line":92},"5":{"loc":{"start":{"line":105,"column":12},"end":{"line":105,"column":63}},"type":"cond-expr","locations":[{"start":{"line":105,"column":35},"end":{"line":105,"column":56}},{"start":{"line":105,"column":59},"end":{"line":105,"column":63}}],"line":105},"6":{"loc":{"start":{"line":120,"column":12},"end":{"line":122,"column":17}},"type":"cond-expr","locations":[{"start":{"line":121,"column":16},"end":{"line":121,"column":57}},{"start":{"line":122,"column":16},"end":{"line":122,"column":17}}],"line":120},"7":{"loc":{"start":{"line":120,"column":12},"end":{"line":120,"column":61}},"type":"binary-expr","locations":[{"start":{"line":120,"column":12},"end":{"line":120,"column":30}},{"start":{"line":120,"column":34},"end":{"line":120,"column":61}}],"line":120},"8":{"loc":{"start":{"line":128,"column":12},"end":{"line":130,"column":17}},"type":"cond-expr","locations":[{"start":{"line":129,"column":16},"end":{"line":129,"column":72}},{"start":{"line":130,"column":16},"end":{"line":130,"column":17}}],"line":128},"9":{"loc":{"start":{"line":136,"column":23},"end":{"line":136,"column":60}},"type":"binary-expr","locations":[{"start":{"line":136,"column":23},"end":{"line":136,"column":39}},{"start":{"line":136,"column":43},"end":{"line":136,"column":60}}],"line":136},"10":{"loc":{"start":{"line":137,"column":21},"end":{"line":137,"column":54}},"type":"binary-expr","locations":[{"start":{"line":137,"column":21},"end":{"line":137,"column":35}},{"start":{"line":137,"column":39},"end":{"line":137,"column":54}}],"line":137},"11":{"loc":{"start":{"line":138,"column":20},"end":{"line":138,"column":51}},"type":"binary-expr","locations":[{"start":{"line":138,"column":20},"end":{"line":138,"column":33}},{"start":{"line":138,"column":37},"end":{"line":138,"column":51}}],"line":138},"12":{"loc":{"start":{"line":139,"column":29},"end":{"line":139,"column":78}},"type":"binary-expr","locations":[{"start":{"line":139,"column":29},"end":{"line":139,"column":51}},{"start":{"line":139,"column":55},"end":{"line":139,"column":78}}],"line":139},"13":{"loc":{"start":{"line":140,"column":20},"end":{"line":140,"column":51}},"type":"binary-expr","locations":[{"start":{"line":140,"column":20},"end":{"line":140,"column":33}},{"start":{"line":140,"column":37},"end":{"line":140,"column":51}}],"line":140},"14":{"loc":{"start":{"line":141,"column":21},"end":{"line":141,"column":54}},"type":"binary-expr","locations":[{"start":{"line":141,"column":21},"end":{"line":141,"column":35}},{"start":{"line":141,"column":39},"end":{"line":141,"column":54}}],"line":141},"15":{"loc":{"start":{"line":142,"column":25},"end":{"line":142,"column":66}},"type":"binary-expr","locations":[{"start":{"line":142,"column":25},"end":{"line":142,"column":43}},{"start":{"line":142,"column":47},"end":{"line":142,"column":66}}],"line":142}},"s":{"0":2,"1":2,"2":3,"3":2,"4":2,"5":1,"6":1,"7":3,"8":3,"9":2,"10":2,"11":2,"12":2,"13":6,"14":6,"15":5,"16":5,"17":1,"18":4,"19":4,"20":1,"21":4,"22":1,"23":1,"24":3,"25":1,"26":1,"27":1,"28":0,"29":0,"30":0,"31":5,"32":5,"33":1,"34":1,"35":1,"36":4,"37":4,"38":4,"39":1,"40":1,"41":1,"42":1,"43":2,"44":2,"45":2},"f":{"0":2,"1":3,"2":2,"3":2,"4":1,"5":1,"6":3,"7":3,"8":2,"9":2,"10":2,"11":2,"12":6,"13":6,"14":5,"15":5,"16":1,"17":4,"18":4,"19":1,"20":1,"21":1,"22":1,"23":1,"24":0,"25":0,"26":0,"27":5,"28":5,"29":1,"30":1,"31":1,"32":4,"33":4,"34":4,"35":1,"36":1,"37":1,"38":1,"39":2,"40":2,"41":2},"b":{"0":[1,1],"1":[6,4],"2":[1,4],"3":[1,3],"4":[1,0],"5":[0,0],"6":[3,1],"7":[4,4],"8":[1,0],"9":[2,1],"10":[2,1],"11":[2,2],"12":[2,2],"13":[2,2],"14":[2,2],"15":[2,2]},"_coverageSchema":"1a1c01bbd47fc00a2c39e90264f33305004495a9","hash":"5b848ea5832cc32afcac9359b77b1cca2dccf643"}
,"C:\\Programacion\\AppHimnario\\src\\utils\\chordTransposer.ts": {"path":"C:\\Programacion\\AppHimnario\\src\\utils\\chordTransposer.ts","statementMap":{"0":{"start":{"line":4,"column":17},"end":{"line":4,"column":82}},"1":{"start":{"line":5,"column":17},"end":{"line":5,"column":96}},"2":{"start":{"line":7,"column":49},"end":{"line":9,"column":1}},"3":{"start":{"line":10,"column":49},"end":{"line":12,"column":1}},"4":{"start":{"line":16,"column":20},"end":{"line":16,"column":68}},"5":{"start":{"line":18,"column":30},"end":{"line":52,"column":1}},"6":{"start":{"line":19,"column":16},"end":{"line":19,"column":40}},"7":{"start":{"line":21,"column":2},"end":{"line":21,"column":27}},"8":{"start":{"line":21,"column":14},"end":{"line":21,"column":27}},"9":{"start":{"line":23,"column":13},"end":{"line":23,"column":21}},"10":{"start":{"line":24,"column":14},"end":{"line":24,"column":28}},"11":{"start":{"line":25,"column":17},"end":{"line":25,"column":31}},"12":{"start":{"line":28,"column":20},"end":{"line":28,"column":45}},"13":{"start":{"line":30,"column":2},"end":{"line":34,"column":3}},"14":{"start":{"line":31,"column":4},"end":{"line":31,"column":30}},"15":{"start":{"line":33,"column":4},"end":{"line":33,"column":70}},"16":{"start":{"line":36,"column":19},"end":{"line":36,"column":29}},"17":{"start":{"line":37,"column":23},"end":{"line":37,"column":31}},"18":{"start":{"line":39,"column":2},"end":{"line":43,"column":3}},"19":{"start":{"line":40,"column":4},"end":{"line":40,"column":48}},"20":{"start":{"line":41,"column":9},"end":{"line":43,"column":3}},"21":{"start":{"line":42,"column":4},"end":{"line":42,"column":48}},"22":{"start":{"line":45,"column":16},"end":{"line":45,"column":47}},"23":{"start":{"line":46,"column":23},"end":{"line":46,"column":52}},"24":{"start":{"line":48,"column":2},"end":{"line":48,"column":40}},"25":{"start":{"line":48,"column":27},"end":{"line":48,"column":40}},"26":{"start":{"line":50,"column":19},"end":{"line":50,"column":52}},"27":{"start":{"line":51,"column":2},"end":{"line":51,"column":34}},"28":{"start":{"line":58,"column":29},"end":{"line":79,"column":1}},"29":{"start":{"line":59,"column":2},"end":{"line":59,"column":31}},"30":{"start":{"line":59,"column":19},"end":{"line":59,"column":31}},"31":{"start":{"line":61,"column":17},"end":{"line":61,"column":36}},"32":{"start":{"line":62,"column":22},"end":{"line":62,"column":41}},"33":{"start":{"line":64,"column":2},"end":{"line":78,"column":14}},"34":{"start":{"line":65,"column":4},"end":{"line":65,"column":36}},"35":{"start":{"line":65,"column":23},"end":{"line":65,"column":36}},"36":{"start":{"line":67,"column":25},"end":{"line":67,"column":50}},"37":{"start":{"line":68,"column":4},"end":{"line":71,"column":5}},"38":{"start":{"line":69,"column":25},"end":{"line":69,"column":63}},"39":{"start":{"line":70,"column":6},"end":{"line":70,"column":31}},"40":{"start":{"line":74,"column":4},"end":{"line":74,"column":34}},"41":{"start":{"line":74,"column":21},"end":{"line":74,"column":34}},"42":{"start":{"line":77,"column":4},"end":{"line":77,"column":40}}},"fnMap":{"0":{"name":"(anonymous_0)","decl":{"start":{"line":18,"column":30},"end":{"line":18,"column":31}},"loc":{"start":{"line":18,"column":72},"end":{"line":52,"column":1}},"line":18},"1":{"name":"(anonymous_1)","decl":{"start":{"line":58,"column":29},"end":{"line":58,"column":30}},"loc":{"start":{"line":58,"column":70},"end":{"line":79,"column":1}},"line":58},"2":{"name":"(anonymous_2)","decl":{"start":{"line":64,"column":20},"end":{"line":64,"column":21}},"loc":{"start":{"line":64,"column":29},"end":{"line":78,"column":3}},"line":64}},"branchMap":{"0":{"loc":{"start":{"line":21,"column":2},"end":{"line":21,"column":27}},"type":"if","locations":[{"start":{"line":21,"column":2},"end":{"line":21,"column":27}},{"start":{},"end":{}}],"line":21},"1":{"loc":{"start":{"line":24,"column":14},"end":{"line":24,"column":28}},"type":"binary-expr","locations":[{"start":{"line":24,"column":14},"end":{"line":24,"column":22}},{"start":{"line":24,"column":26},"end":{"line":24,"column":28}}],"line":24},"2":{"loc":{"start":{"line":25,"column":17},"end":{"line":25,"column":31}},"type":"binary-expr","locations":[{"start":{"line":25,"column":17},"end":{"line":25,"column":25}},{"start":{"line":25,"column":29},"end":{"line":25,"column":31}}],"line":25},"3":{"loc":{"start":{"line":30,"column":2},"end":{"line":34,"column":3}},"type":"if","locations":[{"start":{"line":30,"column":2},"end":{"line":34,"column":3}},{"start":{"line":32,"column":9},"end":{"line":34,"column":3}}],"line":30},"4":{"loc":{"start":{"line":39,"column":2},"end":{"line":43,"column":3}},"type":"if","locations":[{"start":{"line":39,"column":2},"end":{"line":43,"column":3}},{"start":{"line":41,"column":9},"end":{"line":43,"column":3}}],"line":39},"5":{"loc":{"start":{"line":39,"column":6},"end":{"line":39,"column":45}},"type":"binary-expr","locations":[{"start":{"line":39,"column":6},"end":{"line":39,"column":15}},{"start":{"line":39,"column":19},"end":{"line":39,"column":45}}],"line":39},"6":{"loc":{"start":{"line":41,"column":9},"end":{"line":43,"column":3}},"type":"if","locations":[{"start":{"line":41,"column":9},"end":{"line":43,"column":3}},{"start":{},"end":{}}],"line":41},"7":{"loc":{"start":{"line":41,"column":13},"end":{"line":41,"column":53}},"type":"binary-expr","locations":[{"start":{"line":41,"column":13},"end":{"line":41,"column":23}},{"start":{"line":41,"column":27},"end":{"line":41,"column":53}}],"line":41},"8":{"loc":{"start":{"line":45,"column":16},"end":{"line":45,"column":47}},"type":"cond-expr","locations":[{"start":{"line":45,"column":28},"end":{"line":45,"column":36}},{"start":{"line":45,"column":39},"end":{"line":45,"column":47}}],"line":45},"9":{"loc":{"start":{"line":48,"column":2},"end":{"line":48,"column":40}},"type":"if","locations":[{"start":{"line":48,"column":2},"end":{"line":48,"column":40}},{"start":{},"end":{}}],"line":48},"10":{"loc":{"start":{"line":59,"column":2},"end":{"line":59,"column":31}},"type":"if","locations":[{"start":{"line":59,"column":2},"end":{"line":59,"column":31}},{"start":{},"end":{}}],"line":59},"11":{"loc":{"start":{"line":65,"column":4},"end":{"line":65,"column":36}},"type":"if","locations":[{"start":{"line":65,"column":4},"end":{"line":65,"column":36}},{"start":{},"end":{}}],"line":65},"12":{"loc":{"start":{"line":68,"column":4},"end":{"line":71,"column":5}},"type":"if","locations":[{"start":{"line":68,"column":4},"end":{"line":71,"column":5}},{"start":{},"end":{}}],"line":68},"13":{"loc":{"start":{"line":74,"column":4},"end":{"line":74,"column":34}},"type":"if","locations":[{"start":{"line":74,"column":4},"end":{"line":74,"column":34}},{"start":{},"end":{}}],"line":74}},"s":{"0":3,"1":3,"2":3,"3":3,"4":3,"5":3,"6":55,"7":55,"8":3,"9":52,"10":52,"11":52,"12":52,"13":52,"14":42,"15":10,"16":52,"17":52,"18":52,"19":3,"20":49,"21":0,"22":52,"23":52,"24":52,"25":0,"26":52,"27":52,"28":3,"29":4,"30":1,"31":3,"32":3,"33":3,"34":27,"35":12,"36":15,"37":15,"38":2,"39":2,"40":13,"41":5,"42":8},"f":{"0":55,"1":4,"2":27},"b":{"0":[3,52],"1":[52,46],"2":[52,44],"3":[42,10],"4":[3,49],"5":[52,42],"6":[0,49],"7":[49,10],"8":[42,10],"9":[0,52],"10":[1,3],"11":[12,15],"12":[2,13],"13":[5,8]},"_coverageSchema":"1a1c01bbd47fc00a2c39e90264f33305004495a9","hash":"6f6aa2fa7a0aee5956a2f2167ca8613d26e809f1"}
,"C:\\Programacion\\AppHimnario\\src\\utils\\extractChords.ts": {"path":"C:\\Programacion\\AppHimnario\\src\\utils\\extractChords.ts","statementMap":{"0":{"start":{"line":8,"column":19},"end":{"line":8,"column":36}},"1":{"start":{"line":10,"column":2},"end":{"line":17,"column":3}},"2":{"start":{"line":11,"column":4},"end":{"line":16,"column":5}},"3":{"start":{"line":12,"column":6},"end":{"line":15,"column":7}},"4":{"start":{"line":13,"column":27},"end":{"line":13,"column":72}},"5":{"start":{"line":14,"column":8},"end":{"line":14,"column":33}},"6":{"start":{"line":19,"column":2},"end":{"line":28,"column":5}},"7":{"start":{"line":20,"column":18},"end":{"line":21,"column":97}},"8":{"start":{"line":22,"column":18},"end":{"line":22,"column":72}},"9":{"start":{"line":23,"column":18},"end":{"line":23,"column":72}},"10":{"start":{"line":24,"column":15},"end":{"line":24,"column":35}},"11":{"start":{"line":25,"column":15},"end":{"line":25,"column":35}},"12":{"start":{"line":26,"column":4},"end":{"line":26,"column":47}},"13":{"start":{"line":26,"column":32},"end":{"line":26,"column":47}},"14":{"start":{"line":27,"column":4},"end":{"line":27,"column":30}}},"fnMap":{"0":{"name":"extractUniqueChords","decl":{"start":{"line":4,"column":16},"end":{"line":4,"column":35}},"loc":{"start":{"line":7,"column":12},"end":{"line":29,"column":1}},"line":7},"1":{"name":"(anonymous_1)","decl":{"start":{"line":19,"column":35},"end":{"line":19,"column":36}},"loc":{"start":{"line":19,"column":45},"end":{"line":28,"column":3}},"line":19}},"branchMap":{"0":{"loc":{"start":{"line":12,"column":6},"end":{"line":15,"column":7}},"type":"if","locations":[{"start":{"line":12,"column":6},"end":{"line":15,"column":7}},{"start":{},"end":{}}],"line":12},"1":{"loc":{"start":{"line":22,"column":18},"end":{"line":22,"column":72}},"type":"binary-expr","locations":[{"start":{"line":22,"column":18},"end":{"line":22,"column":67}},{"start":{"line":22,"column":71},"end":{"line":22,"column":72}}],"line":22},"2":{"loc":{"start":{"line":23,"column":18},"end":{"line":23,"column":72}},"type":"binary-expr","locations":[{"start":{"line":23,"column":18},"end":{"line":23,"column":67}},{"start":{"line":23,"column":71},"end":{"line":23,"column":72}}],"line":23},"3":{"loc":{"start":{"line":26,"column":4},"end":{"line":26,"column":47}},"type":"if","locations":[{"start":{"line":26,"column":4},"end":{"line":26,"column":47}},{"start":{},"end":{}}],"line":26},"4":{"loc":{"start":{"line":26,"column":8},"end":{"line":26,"column":30}},"type":"binary-expr","locations":[{"start":{"line":26,"column":8},"end":{"line":26,"column":17}},{"start":{"line":26,"column":21},"end":{"line":26,"column":30}}],"line":26}},"s":{"0":6,"1":6,"2":7,"3":18,"4":14,"5":14,"6":6,"7":16,"8":16,"9":16,"10":16,"11":16,"12":16,"13":16,"14":0},"f":{"0":6,"1":16},"b":{"0":[14,4],"1":[16,0],"2":[16,0],"3":[16,0],"4":[16,16]},"_coverageSchema":"1a1c01bbd47fc00a2c39e90264f33305004495a9","hash":"618571d14e6189eea281a7229a26e1395adf2f26"}
,"C:\\Programacion\\AppHimnario\\src\\utils\\logger.ts": {"path":"C:\\Programacion\\AppHimnario\\src\\utils\\logger.ts","statementMap":{"0":{"start":{"line":1,"column":15},"end":{"line":1,"column":22}},"1":{"start":{"line":5,"column":19},"end":{"line":5,"column":31}},"2":{"start":{"line":8,"column":2},"end":{"line":8,"column":42}},"3":{"start":{"line":8,"column":35},"end":{"line":8,"column":42}},"4":{"start":{"line":10,"column":20},"end":{"line":10,"column":58}},"5":{"start":{"line":11,"column":17},"end":{"line":11,"column":45}},"6":{"start":{"line":13,"column":2},"end":{"line":23,"column":3}},"7":{"start":{"line":15,"column":6},"end":{"line":15,"column":77}},"8":{"start":{"line":16,"column":6},"end":{"line":16,"column":12}},"9":{"start":{"line":18,"column":6},"end":{"line":18,"column":78}},"10":{"start":{"line":19,"column":6},"end":{"line":19,"column":12}},"11":{"start":{"line":21,"column":6},"end":{"line":21,"column":79}},"12":{"start":{"line":22,"column":6},"end":{"line":22,"column":12}},"13":{"start":{"line":26,"column":22},"end":{"line":30,"column":1}},"14":{"start":{"line":27,"column":45},"end":{"line":27,"column":71}},"15":{"start":{"line":28,"column":45},"end":{"line":28,"column":71}},"16":{"start":{"line":29,"column":46},"end":{"line":29,"column":73}},"17":{"start":{"line":33,"column":2},"end":{"line":33,"column":27}},"18":{"start":{"line":33,"column":15},"end":{"line":33,"column":27}},"19":{"start":{"line":34,"column":16},"end":{"line":34,"column":33}},"20":{"start":{"line":35,"column":17},"end":{"line":35,"column":21}},"21":{"start":{"line":36,"column":18},"end":{"line":36,"column":43}},"22":{"start":{"line":37,"column":2},"end":{"line":41,"column":3}},"23":{"start":{"line":38,"column":4},"end":{"line":38,"column":85}},"24":{"start":{"line":40,"column":4},"end":{"line":40,"column":57}},"25":{"start":{"line":42,"column":2},"end":{"line":42,"column":16}}},"fnMap":{"0":{"name":"log","decl":{"start":{"line":7,"column":9},"end":{"line":7,"column":12}},"loc":{"start":{"line":7,"column":69},"end":{"line":24,"column":1}},"line":7},"1":{"name":"(anonymous_1)","decl":{"start":{"line":27,"column":8},"end":{"line":27,"column":9}},"loc":{"start":{"line":27,"column":45},"end":{"line":27,"column":71}},"line":27},"2":{"name":"(anonymous_2)","decl":{"start":{"line":28,"column":8},"end":{"line":28,"column":9}},"loc":{"start":{"line":28,"column":45},"end":{"line":28,"column":71}},"line":28},"3":{"name":"(anonymous_3)","decl":{"start":{"line":29,"column":9},"end":{"line":29,"column":10}},"loc":{"start":{"line":29,"column":46},"end":{"line":29,"column":73}},"line":29},"4":{"name":"measureTime","decl":{"start":{"line":32,"column":16},"end":{"line":32,"column":27}},"loc":{"start":{"line":32,"column":62},"end":{"line":43,"column":1}},"line":32}},"branchMap":{"0":{"loc":{"start":{"line":8,"column":2},"end":{"line":8,"column":42}},"type":"if","locations":[{"start":{"line":8,"column":2},"end":{"line":8,"column":42}},{"start":{},"end":{}}],"line":8},"1":{"loc":{"start":{"line":8,"column":6},"end":{"line":8,"column":33}},"type":"binary-expr","locations":[{"start":{"line":8,"column":6},"end":{"line":8,"column":13}},{"start":{"line":8,"column":17},"end":{"line":8,"column":33}}],"line":8},"2":{"loc":{"start":{"line":13,"column":2},"end":{"line":23,"column":3}},"type":"switch","locations":[{"start":{"line":14,"column":4},"end":{"line":16,"column":12}},{"start":{"line":17,"column":4},"end":{"line":19,"column":12}},{"start":{"line":20,"column":4},"end":{"line":22,"column":12}}],"line":13},"3":{"loc":{"start":{"line":15,"column":45},"end":{"line":15,"column":75}},"type":"cond-expr","locations":[{"start":{"line":15,"column":66},"end":{"line":15,"column":70}},{"start":{"line":15,"column":73},"end":{"line":15,"column":75}}],"line":15},"4":{"loc":{"start":{"line":18,"column":46},"end":{"line":18,"column":76}},"type":"cond-expr","locations":[{"start":{"line":18,"column":67},"end":{"line":18,"column":71}},{"start":{"line":18,"column":74},"end":{"line":18,"column":76}}],"line":18},"5":{"loc":{"start":{"line":21,"column":47},"end":{"line":21,"column":77}},"type":"cond-expr","locations":[{"start":{"line":21,"column":68},"end":{"line":21,"column":72}},{"start":{"line":21,"column":75},"end":{"line":21,"column":77}}],"line":21},"6":{"loc":{"start":{"line":33,"column":2},"end":{"line":33,"column":27}},"type":"if","locations":[{"start":{"line":33,"column":2},"end":{"line":33,"column":27}},{"start":{},"end":{}}],"line":33},"7":{"loc":{"start":{"line":37,"column":2},"end":{"line":41,"column":3}},"type":"if","locations":[{"start":{"line":37,"column":2},"end":{"line":41,"column":3}},{"start":{"line":39,"column":9},"end":{"line":41,"column":3}}],"line":37}},"s":{"0":1,"1":1,"2":4,"3":0,"4":4,"5":4,"6":4,"7":4,"8":4,"9":0,"10":0,"11":0,"12":0,"13":1,"14":4,"15":0,"16":0,"17":0,"18":0,"19":0,"20":0,"21":0,"22":0,"23":0,"24":0,"25":0},"f":{"0":4,"1":4,"2":0,"3":0,"4":0},"b":{"0":[0,4],"1":[4,0],"2":[4,0,0],"3":[4,0],"4":[0,0],"5":[0,0],"6":[0,0],"7":[0,0]},"_coverageSchema":"1a1c01bbd47fc00a2c39e90264f33305004495a9","hash":"5ff2db0fd5e1673ba0f86356597e47e580afe90c"}
,"C:\\Programacion\\AppHimnario\\src\\utils\\lyricsParser.ts": {"path":"C:\\Programacion\\AppHimnario\\src\\utils\\lyricsParser.ts","statementMap":{"0":{"start":{"line":8,"column":16},"end":{"line":8,"column":34}},"1":{"start":{"line":10,"column":2},"end":{"line":51,"column":5}},"2":{"start":{"line":11,"column":36},"end":{"line":11,"column":38}},"3":{"start":{"line":12,"column":43},"end":{"line":12,"column":52}},"4":{"start":{"line":13,"column":22},"end":{"line":13,"column":24}},"5":{"start":{"line":15,"column":4},"end":{"line":44,"column":5}},"6":{"start":{"line":15,"column":17},"end":{"line":15,"column":18}},"7":{"start":{"line":16,"column":19},"end":{"line":16,"column":26}},"8":{"start":{"line":18,"column":6},"end":{"line":43,"column":7}},"9":{"start":{"line":20,"column":8},"end":{"line":24,"column":9}},"10":{"start":{"line":21,"column":10},"end":{"line":21,"column":68}},"11":{"start":{"line":22,"column":10},"end":{"line":22,"column":27}},"12":{"start":{"line":23,"column":10},"end":{"line":23,"column":35}},"13":{"start":{"line":27,"column":20},"end":{"line":27,"column":22}},"14":{"start":{"line":28,"column":8},"end":{"line":28,"column":12}},"15":{"start":{"line":29,"column":8},"end":{"line":32,"column":9}},"16":{"start":{"line":30,"column":10},"end":{"line":30,"column":27}},"17":{"start":{"line":31,"column":10},"end":{"line":31,"column":14}},"18":{"start":{"line":33,"column":8},"end":{"line":33,"column":29}},"19":{"start":{"line":35,"column":8},"end":{"line":35,"column":28}},"20":{"start":{"line":38,"column":8},"end":{"line":42,"column":9}},"21":{"start":{"line":39,"column":10},"end":{"line":39,"column":68}},"22":{"start":{"line":40,"column":10},"end":{"line":40,"column":27}},"23":{"start":{"line":41,"column":10},"end":{"line":41,"column":35}},"24":{"start":{"line":46,"column":4},"end":{"line":48,"column":5}},"25":{"start":{"line":47,"column":6},"end":{"line":47,"column":64}},"26":{"start":{"line":50,"column":4},"end":{"line":50,"column":20}},"27":{"start":{"line":59,"column":2},"end":{"line":62,"column":3}},"28":{"start":{"line":61,"column":4},"end":{"line":61,"column":76}},"29":{"start":{"line":61,"column":45},"end":{"line":61,"column":63}},"30":{"start":{"line":64,"column":2},"end":{"line":64,"column":33}},"31":{"start":{"line":64,"column":19},"end":{"line":64,"column":33}},"32":{"start":{"line":66,"column":16},"end":{"line":66,"column":34}},"33":{"start":{"line":67,"column":2},"end":{"line":81,"column":16}},"34":{"start":{"line":68,"column":4},"end":{"line":79,"column":5}},"35":{"start":{"line":71,"column":30},"end":{"line":71,"column":76}},"36":{"start":{"line":73,"column":6},"end":{"line":78,"column":18}},"37":{"start":{"line":74,"column":8},"end":{"line":76,"column":9}},"38":{"start":{"line":75,"column":10},"end":{"line":75,"column":46}},"39":{"start":{"line":77,"column":8},"end":{"line":77,"column":21}},"40":{"start":{"line":80,"column":4},"end":{"line":80,"column":16}},"41":{"start":{"line":86,"column":18},"end":{"line":86,"column":29}},"42":{"start":{"line":87,"column":2},"end":{"line":87,"column":29}},"43":{"start":{"line":87,"column":16},"end":{"line":87,"column":29}},"44":{"start":{"line":90,"column":16},"end":{"line":90,"column":88}},"45":{"start":{"line":90,"column":54},"end":{"line":90,"column":87}},"46":{"start":{"line":91,"column":2},"end":{"line":91,"column":39}},"47":{"start":{"line":91,"column":26},"end":{"line":91,"column":39}},"48":{"start":{"line":94,"column":21},"end":{"line":94,"column":84}},"49":{"start":{"line":95,"column":19},"end":{"line":95,"column":20}},"50":{"start":{"line":97,"column":2},"end":{"line":99,"column":3}},"51":{"start":{"line":98,"column":4},"end":{"line":98,"column":41}},"52":{"start":{"line":98,"column":28},"end":{"line":98,"column":41}},"53":{"start":{"line":102,"column":2},"end":{"line":102,"column":42}},"54":{"start":{"line":107,"column":16},"end":{"line":107,"column":34}},"55":{"start":{"line":108,"column":27},"end":{"line":108,"column":29}},"56":{"start":{"line":110,"column":2},"end":{"line":147,"column":3}},"57":{"start":{"line":110,"column":15},"end":{"line":110,"column":16}},"58":{"start":{"line":111,"column":17},"end":{"line":111,"column":25}},"59":{"start":{"line":112,"column":4},"end":{"line":146,"column":5}},"60":{"start":{"line":113,"column":55},"end":{"line":113,"column":57}},"61":{"start":{"line":114,"column":20},"end":{"line":114,"column":84}},"62":{"start":{"line":116,"column":6},"end":{"line":118,"column":7}},"63":{"start":{"line":117,"column":8},"end":{"line":117,"column":61}},"64":{"start":{"line":120,"column":23},"end":{"line":120,"column":95}},"65":{"start":{"line":122,"column":6},"end":{"line":143,"column":7}},"66":{"start":{"line":123,"column":25},"end":{"line":123,"column":33}},"67":{"start":{"line":124,"column":28},"end":{"line":124,"column":83}},"68":{"start":{"line":125,"column":8},"end":{"line":127,"column":9}},"69":{"start":{"line":126,"column":10},"end":{"line":126,"column":59}},"70":{"start":{"line":129,"column":8},"end":{"line":132,"column":9}},"71":{"start":{"line":129,"column":21},"end":{"line":129,"column":38}},"72":{"start":{"line":130,"column":35},"end":{"line":130,"column":44}},"73":{"start":{"line":131,"column":10},"end":{"line":131,"column":91}},"74":{"start":{"line":133,"column":8},"end":{"line":133,"column":32}},"75":{"start":{"line":134,"column":8},"end":{"line":134,"column":12}},"76":{"start":{"line":136,"column":25},"end":{"line":136,"column":27}},"77":{"start":{"line":137,"column":22},"end":{"line":137,"column":23}},"78":{"start":{"line":138,"column":8},"end":{"line":141,"column":9}},"79":{"start":{"line":139,"column":10},"end":{"line":139,"column":80}},"80":{"start":{"line":140,"column":10},"end":{"line":140,"column":41}},"81":{"start":{"line":142,"column":8},"end":{"line":142,"column":32}},"82":{"start":{"line":145,"column":6},"end":{"line":145,"column":24}},"83":{"start":{"line":148,"column":2},"end":{"line":148,"column":27}}},"fnMap":{"0":{"name":"parseLyricsToWords","decl":{"start":{"line":7,"column":16},"end":{"line":7,"column":34}},"loc":{"start":{"line":7,"column":68},"end":{"line":52,"column":1}},"line":7},"1":{"name":"(anonymous_1)","decl":{"start":{"line":10,"column":19},"end":{"line":10,"column":20}},"loc":{"start":{"line":10,"column":27},"end":{"line":51,"column":3}},"line":10},"2":{"name":"transposePlainText","decl":{"start":{"line":58,"column":16},"end":{"line":58,"column":34}},"loc":{"start":{"line":58,"column":95},"end":{"line":82,"column":1}},"line":58},"3":{"name":"(anonymous_3)","decl":{"start":{"line":61,"column":37},"end":{"line":61,"column":38}},"loc":{"start":{"line":61,"column":45},"end":{"line":61,"column":63}},"line":61},"4":{"name":"(anonymous_4)","decl":{"start":{"line":67,"column":19},"end":{"line":67,"column":20}},"loc":{"start":{"line":67,"column":27},"end":{"line":81,"column":3}},"line":67},"5":{"name":"(anonymous_5)","decl":{"start":{"line":73,"column":37},"end":{"line":73,"column":38}},"loc":{"start":{"line":73,"column":46},"end":{"line":78,"column":7}},"line":73},"6":{"name":"isChordLine","decl":{"start":{"line":85,"column":16},"end":{"line":85,"column":27}},"loc":{"start":{"line":85,"column":51},"end":{"line":103,"column":1}},"line":85},"7":{"name":"(anonymous_7)","decl":{"start":{"line":90,"column":49},"end":{"line":90,"column":50}},"loc":{"start":{"line":90,"column":54},"end":{"line":90,"column":87}},"line":90},"8":{"name":"convertPlainTextToInline","decl":{"start":{"line":106,"column":16},"end":{"line":106,"column":40}},"loc":{"start":{"line":106,"column":65},"end":{"line":149,"column":1}},"line":106}},"branchMap":{"0":{"loc":{"start":{"line":18,"column":6},"end":{"line":43,"column":7}},"type":"if","locations":[{"start":{"line":18,"column":6},"end":{"line":43,"column":7}},{"start":{"line":34,"column":13},"end":{"line":43,"column":7}}],"line":18},"1":{"loc":{"start":{"line":20,"column":8},"end":{"line":24,"column":9}},"type":"if","locations":[{"start":{"line":20,"column":8},"end":{"line":24,"column":9}},{"start":{},"end":{}}],"line":20},"2":{"loc":{"start":{"line":29,"column":15},"end":{"line":29,"column":49}},"type":"binary-expr","locations":[{"start":{"line":29,"column":15},"end":{"line":29,"column":30}},{"start":{"line":29,"column":34},"end":{"line":29,"column":49}}],"line":29},"3":{"loc":{"start":{"line":38,"column":8},"end":{"line":42,"column":9}},"type":"if","locations":[{"start":{"line":38,"column":8},"end":{"line":42,"column":9}},{"start":{},"end":{}}],"line":38},"4":{"loc":{"start":{"line":46,"column":4},"end":{"line":48,"column":5}},"type":"if","locations":[{"start":{"line":46,"column":4},"end":{"line":48,"column":5}},{"start":{},"end":{}}],"line":46},"5":{"loc":{"start":{"line":46,"column":8},"end":{"line":46,"column":46}},"type":"binary-expr","locations":[{"start":{"line":46,"column":8},"end":{"line":46,"column":30}},{"start":{"line":46,"column":34},"end":{"line":46,"column":46}}],"line":46},"6":{"loc":{"start":{"line":59,"column":2},"end":{"line":62,"column":3}},"type":"if","locations":[{"start":{"line":59,"column":2},"end":{"line":62,"column":3}},{"start":{},"end":{}}],"line":59},"7":{"loc":{"start":{"line":64,"column":2},"end":{"line":64,"column":33}},"type":"if","locations":[{"start":{"line":64,"column":2},"end":{"line":64,"column":33}},{"start":{},"end":{}}],"line":64},"8":{"loc":{"start":{"line":68,"column":4},"end":{"line":79,"column":5}},"type":"if","locations":[{"start":{"line":68,"column":4},"end":{"line":79,"column":5}},{"start":{},"end":{}}],"line":68},"9":{"loc":{"start":{"line":74,"column":8},"end":{"line":76,"column":9}},"type":"if","locations":[{"start":{"line":74,"column":8},"end":{"line":76,"column":9}},{"start":{},"end":{}}],"line":74},"10":{"loc":{"start":{"line":87,"column":2},"end":{"line":87,"column":29}},"type":"if","locations":[{"start":{"line":87,"column":2},"end":{"line":87,"column":29}},{"start":{},"end":{}}],"line":87},"11":{"loc":{"start":{"line":90,"column":54},"end":{"line":90,"column":87}},"type":"binary-expr","locations":[{"start":{"line":90,"column":54},"end":{"line":90,"column":66}},{"start":{"line":90,"column":70},"end":{"line":90,"column":87}}],"line":90},"12":{"loc":{"start":{"line":91,"column":2},"end":{"line":91,"column":39}},"type":"if","locations":[{"start":{"line":91,"column":2},"end":{"line":91,"column":39}},{"start":{},"end":{}}],"line":91},"13":{"loc":{"start":{"line":98,"column":4},"end":{"line":98,"column":41}},"type":"if","locations":[{"start":{"line":98,"column":4},"end":{"line":98,"column":41}},{"start":{},"end":{}}],"line":98},"14":{"loc":{"start":{"line":112,"column":4},"end":{"line":146,"column":5}},"type":"if","locations":[{"start":{"line":112,"column":4},"end":{"line":146,"column":5}},{"start":{"line":144,"column":11},"end":{"line":146,"column":5}}],"line":112},"15":{"loc":{"start":{"line":120,"column":23},"end":{"line":120,"column":95}},"type":"cond-expr","locations":[{"start":{"line":120,"column":78},"end":{"line":120,"column":90}},{"start":{"line":120,"column":93},"end":{"line":120,"column":95}}],"line":120},"16":{"loc":{"start":{"line":120,"column":24},"end":{"line":120,"column":74}},"type":"binary-expr","locations":[{"start":{"line":120,"column":24},"end":{"line":120,"column":44}},{"start":{"line":120,"column":48},"end":{"line":120,"column":74}}],"line":120},"17":{"loc":{"start":{"line":122,"column":6},"end":{"line":143,"column":7}},"type":"if","locations":[{"start":{"line":122,"column":6},"end":{"line":143,"column":7}},{"start":{"line":135,"column":13},"end":{"line":143,"column":7}}],"line":122},"18":{"loc":{"start":{"line":124,"column":28},"end":{"line":124,"column":83}},"type":"cond-expr","locations":[{"start":{"line":124,"column":48},"end":{"line":124,"column":79}},{"start":{"line":124,"column":82},"end":{"line":124,"column":83}}],"line":124},"19":{"loc":{"start":{"line":125,"column":8},"end":{"line":127,"column":9}},"type":"if","locations":[{"start":{"line":125,"column":8},"end":{"line":127,"column":9}},{"start":{},"end":{}}],"line":125}},"s":{"0":9,"1":9,"2":11,"3":11,"4":11,"5":11,"6":11,"7":140,"8":140,"9":16,"10":0,"11":0,"12":0,"13":16,"14":16,"15":16,"16":21,"17":21,"18":16,"19":124,"20":124,"21":18,"22":18,"23":18,"24":11,"25":11,"26":11,"27":3,"28":1,"29":2,"30":2,"31":1,"32":1,"33":1,"34":2,"35":1,"36":1,"37":3,"38":2,"39":1,"40":1,"41":16,"42":16,"43":4,"44":12,"45":40,"46":12,"47":0,"48":12,"49":12,"50":12,"51":40,"52":21,"53":12,"54":2,"55":2,"56":2,"57":2,"58":3,"59":3,"60":2,"61":2,"62":2,"63":4,"64":2,"65":2,"66":1,"67":1,"68":1,"69":0,"70":1,"71":1,"72":2,"73":2,"74":1,"75":1,"76":1,"77":1,"78":1,"79":2,"80":2,"81":1,"82":1,"83":2},"f":{"0":9,"1":11,"2":3,"3":2,"4":2,"5":3,"6":16,"7":40,"8":2},"b":{"0":[16,124],"1":[0,16],"2":[37,37],"3":[18,106],"4":[11,0],"5":[11,0],"6":[1,2],"7":[1,1],"8":[1,1],"9":[2,1],"10":[4,12],"11":[40,40],"12":[0,12],"13":[21,19],"14":[2,1],"15":[2,0],"16":[2,2],"17":[1,1],"18":[1,0],"19":[0,1]},"_coverageSchema":"1a1c01bbd47fc00a2c39e90264f33305004495a9","hash":"0ea648c3af01eb454461da9788238cede119440b"}
,"C:\\Programacion\\AppHimnario\\src\\utils\\useIsDarkMode.ts": {"path":"C:\\Programacion\\AppHimnario\\src\\utils\\useIsDarkMode.ts","statementMap":{"0":{"start":{"line":5,"column":2},"end":{"line":7,"column":3}},"1":{"start":{"line":6,"column":4},"end":{"line":6,"column":35}},"2":{"start":{"line":8,"column":2},"end":{"line":8,"column":26}},"3":{"start":{"line":12,"column":16},"end":{"line":12,"column":51}},"4":{"start":{"line":12,"column":39},"end":{"line":12,"column":50}},"5":{"start":{"line":13,"column":23},"end":{"line":13,"column":39}},"6":{"start":{"line":14,"column":2},"end":{"line":14,"column":41}}},"fnMap":{"0":{"name":"isDarkMode","decl":{"start":{"line":4,"column":16},"end":{"line":4,"column":26}},"loc":{"start":{"line":4,"column":92},"end":{"line":9,"column":1}},"line":4},"1":{"name":"useIsDarkMode","decl":{"start":{"line":11,"column":16},"end":{"line":11,"column":29}},"loc":{"start":{"line":11,"column":41},"end":{"line":15,"column":1}},"line":11},"2":{"name":"(anonymous_2)","decl":{"start":{"line":12,"column":28},"end":{"line":12,"column":29}},"loc":{"start":{"line":12,"column":39},"end":{"line":12,"column":50}},"line":12}},"branchMap":{"0":{"loc":{"start":{"line":5,"column":2},"end":{"line":7,"column":3}},"type":"if","locations":[{"start":{"line":5,"column":2},"end":{"line":7,"column":3}},{"start":{},"end":{}}],"line":5}},"s":{"0":6,"1":4,"2":2,"3":0,"4":0,"5":0,"6":0},"f":{"0":6,"1":0,"2":0},"b":{"0":[4,2]},"_coverageSchema":"1a1c01bbd47fc00a2c39e90264f33305004495a9","hash":"550601c1b6c25b290ab1e52449006afae4e9348d"}
}
