TN:
SF:src\data\chordDiagrams.ts
FN:37,generatePianoNotes
FN:42,(anonymous_1)
FN:45,parseChord
FN:63,getChordDiagram
FNF:4
FNH:4
FNDA:5,generatePianoNotes
FNDA:18,(anonymous_1)
FNDA:6,parseChord
FNDA:11,getChordDiagram
DA:10,1
DA:20,1
DA:38,5
DA:39,5
DA:40,5
DA:41,5
DA:42,18
DA:46,6
DA:47,6
DA:48,5
DA:49,5
DA:50,5
DA:59,5
DA:60,5
DA:64,11
DA:65,11
DA:67,6
DA:68,6
DA:70,5
DA:71,5
DA:73,5
DA:79,1
LF:22
LH:22
BRDA:39,0,0,0
BRDA:39,0,1,5
BRDA:41,1,0,0
BRDA:41,1,1,5
BRDA:47,2,0,1
BRDA:47,2,1,5
BRDA:59,3,0,5
BRDA:59,3,1,0
BRDA:65,4,0,5
BRDA:65,4,1,6
BRDA:68,5,0,1
BRDA:68,5,1,5
BRDA:71,6,0,0
BRDA:71,6,1,5
BRF:14
BRH:10
end_of_record
TN:
SF:src\data\hymns.ts
FNF:0
FNH:0
DA:10,0
LF:1
LH:0
BRF:0
BRH:0
end_of_record
TN:
SF:src\services\scraperService.ts
FN:18,(anonymous_0)
FN:47,(anonymous_1)
FNF:2
FNH:2
FNDA:6,(anonymous_0)
FNDA:4,(anonymous_1)
DA:18,1
DA:19,6
DA:20,6
DA:28,5
DA:29,1
DA:35,4
DA:37,4
DA:42,4
DA:44,4
DA:45,4
DA:47,4
DA:49,3
DA:50,1
DA:52,0
DA:53,0
DA:54,0
DA:59,4
DA:60,4
DA:61,2
DA:62,2
DA:65,4
DA:67,3
DA:73,3
DA:80,3
DA:81,12
DA:84,3
DA:86,3
DA:93,1
DA:99,1
LF:29
LH:26
BRDA:28,0,0,1
BRDA:28,0,1,4
BRDA:45,1,0,3
BRDA:45,1,1,1
BRDA:45,2,0,4
BRDA:45,2,1,3
BRDA:47,3,0,0
BRDA:47,3,1,4
BRDA:50,4,0,0
BRDA:50,4,1,1
BRDA:53,5,0,0
BRDA:53,5,1,0
BRDA:60,6,0,2
BRDA:60,6,1,2
BRDA:65,7,0,3
BRDA:65,7,1,1
BRDA:65,8,0,4
BRDA:65,8,1,3
BRF:18
BRH:14
end_of_record
TN:
SF:src\store\useAppStore.ts
FN:46,(anonymous_0)
FN:58,(anonymous_1)
FN:59,(anonymous_2)
FN:59,(anonymous_3)
FN:62,(anonymous_4)
FN:63,(anonymous_5)
FN:64,(anonymous_6)
FN:65,(anonymous_7)
FN:68,(anonymous_8)
FN:69,(anonymous_9)
FN:72,(anonymous_10)
FN:73,(anonymous_11)
FN:76,(anonymous_12)
FN:77,(anonymous_13)
FN:80,(anonymous_14)
FN:81,(anonymous_15)
FN:83,(anonymous_16)
FN:86,(anonymous_17)
FN:87,(anonymous_18)
FN:88,(anonymous_19)
FN:91,(anonymous_20)
FN:98,(anonymous_21)
FN:99,(anonymous_22)
FN:100,(anonymous_23)
FN:102,(anonymous_24)
FN:103,(anonymous_25)
FN:104,(anonymous_26)
FN:109,(anonymous_27)
FN:110,(anonymous_28)
FN:113,(anonymous_29)
FN:114,(anonymous_30)
FN:115,(anonymous_31)
FN:117,(anonymous_32)
FN:118,(anonymous_33)
FN:119,(anonymous_34)
FN:125,(anonymous_35)
FN:126,(anonymous_36)
FN:127,(anonymous_37)
FN:129,(anonymous_38)
FN:133,(anonymous_39)
FN:134,(anonymous_40)
FN:147,(anonymous_41)
FNF:42
FNH:39
FNDA:2,(anonymous_0)
FNDA:3,(anonymous_1)
FNDA:2,(anonymous_2)
FNDA:2,(anonymous_3)
FNDA:1,(anonymous_4)
FNDA:1,(anonymous_5)
FNDA:3,(anonymous_6)
FNDA:3,(anonymous_7)
FNDA:2,(anonymous_8)
FNDA:2,(anonymous_9)
FNDA:2,(anonymous_10)
FNDA:2,(anonymous_11)
FNDA:6,(anonymous_12)
FNDA:6,(anonymous_13)
FNDA:5,(anonymous_14)
FNDA:5,(anonymous_15)
FNDA:1,(anonymous_16)
FNDA:4,(anonymous_17)
FNDA:4,(anonymous_18)
FNDA:1,(anonymous_19)
FNDA:1,(anonymous_20)
FNDA:1,(anonymous_21)
FNDA:1,(anonymous_22)
FNDA:1,(anonymous_23)
FNDA:0,(anonymous_24)
FNDA:0,(anonymous_25)
FNDA:0,(anonymous_26)
FNDA:5,(anonymous_27)
FNDA:5,(anonymous_28)
FNDA:1,(anonymous_29)
FNDA:1,(anonymous_30)
FNDA:1,(anonymous_31)
FNDA:4,(anonymous_32)
FNDA:4,(anonymous_33)
FNDA:4,(anonymous_34)
FNDA:1,(anonymous_35)
FNDA:1,(anonymous_36)
FNDA:1,(anonymous_37)
FNDA:1,(anonymous_38)
FNDA:2,(anonymous_39)
FNDA:2,(anonymous_40)
FNDA:2,(anonymous_41)
DA:44,2
DA:46,2
DA:58,3
DA:59,2
DA:62,1
DA:63,1
DA:65,3
DA:69,2
DA:73,2
DA:77,6
DA:81,5
DA:83,1
DA:87,4
DA:88,4
DA:89,4
DA:90,1
DA:92,1
DA:96,3
DA:99,1
DA:100,1
DA:103,0
DA:105,0
DA:110,5
DA:114,1
DA:115,1
DA:118,4
DA:120,4
DA:126,1
DA:128,1
DA:129,1
DA:134,2
DA:147,2
LF:32
LH:30
BRDA:60,0,0,1
BRDA:60,0,1,1
BRDA:78,1,0,6
BRDA:78,1,1,4
BRDA:82,2,0,1
BRDA:82,2,1,4
BRDA:89,3,0,1
BRDA:89,3,1,3
BRDA:92,4,0,1
BRDA:92,4,1,0
BRDA:105,5,0,0
BRDA:105,5,1,0
BRDA:120,6,0,3
BRDA:120,6,1,1
BRDA:120,7,0,4
BRDA:120,7,1,4
BRDA:128,8,0,1
BRDA:128,8,1,0
BRDA:136,9,0,2
BRDA:136,9,1,1
BRDA:137,10,0,2
BRDA:137,10,1,1
BRDA:138,11,0,2
BRDA:138,11,1,2
BRDA:139,12,0,2
BRDA:139,12,1,2
BRDA:140,13,0,2
BRDA:140,13,1,2
BRDA:141,14,0,2
BRDA:141,14,1,2
BRDA:142,15,0,2
BRDA:142,15,1,2
BRF:32
BRH:28
end_of_record
TN:
SF:src\utils\chordTransposer.ts
FN:18,(anonymous_0)
FN:58,(anonymous_1)
FN:64,(anonymous_2)
FNF:3
FNH:3
FNDA:55,(anonymous_0)
FNDA:4,(anonymous_1)
FNDA:27,(anonymous_2)
DA:4,3
DA:5,3
DA:7,3
DA:10,3
DA:16,3
DA:18,3
DA:19,55
DA:21,55
DA:23,52
DA:24,52
DA:25,52
DA:28,52
DA:30,52
DA:31,42
DA:33,10
DA:36,52
DA:37,52
DA:39,52
DA:40,3
DA:41,49
DA:42,0
DA:45,52
DA:46,52
DA:48,52
DA:50,52
DA:51,52
DA:58,3
DA:59,4
DA:61,3
DA:62,3
DA:64,3
DA:65,27
DA:67,15
DA:68,15
DA:69,2
DA:70,2
DA:74,13
DA:77,8
LF:38
LH:37
BRDA:21,0,0,3
BRDA:21,0,1,52
BRDA:24,1,0,52
BRDA:24,1,1,46
BRDA:25,2,0,52
BRDA:25,2,1,44
BRDA:30,3,0,42
BRDA:30,3,1,10
BRDA:39,4,0,3
BRDA:39,4,1,49
BRDA:39,5,0,52
BRDA:39,5,1,42
BRDA:41,6,0,0
BRDA:41,6,1,49
BRDA:41,7,0,49
BRDA:41,7,1,10
BRDA:45,8,0,42
BRDA:45,8,1,10
BRDA:48,9,0,0
BRDA:48,9,1,52
BRDA:59,10,0,1
BRDA:59,10,1,3
BRDA:65,11,0,12
BRDA:65,11,1,15
BRDA:68,12,0,2
BRDA:68,12,1,13
BRDA:74,13,0,5
BRDA:74,13,1,8
BRF:28
BRH:26
end_of_record
TN:
SF:src\utils\extractChords.ts
FN:4,extractUniqueChords
FN:19,(anonymous_1)
FNF:2
FNH:2
FNDA:6,extractUniqueChords
FNDA:16,(anonymous_1)
DA:8,6
DA:10,6
DA:11,7
DA:12,18
DA:13,14
DA:14,14
DA:19,6
DA:20,16
DA:22,16
DA:23,16
DA:24,16
DA:25,16
DA:26,16
DA:27,0
LF:14
LH:13
BRDA:12,0,0,14
BRDA:12,0,1,4
BRDA:22,1,0,16
BRDA:22,1,1,0
BRDA:23,2,0,16
BRDA:23,2,1,0
BRDA:26,3,0,16
BRDA:26,3,1,0
BRDA:26,4,0,16
BRDA:26,4,1,16
BRF:10
BRH:7
end_of_record
TN:
SF:src\utils\logger.ts
FN:7,log
FN:27,(anonymous_1)
FN:28,(anonymous_2)
FN:29,(anonymous_3)
FN:32,measureTime
FNF:5
FNH:2
FNDA:4,log
FNDA:4,(anonymous_1)
FNDA:0,(anonymous_2)
FNDA:0,(anonymous_3)
FNDA:0,measureTime
DA:1,1
DA:5,1
DA:8,4
DA:10,4
DA:11,4
DA:13,4
DA:15,4
DA:16,4
DA:18,0
DA:19,0
DA:21,0
DA:22,0
DA:26,1
DA:27,4
DA:28,0
DA:29,0
DA:33,0
DA:34,0
DA:35,0
DA:36,0
DA:37,0
DA:38,0
DA:40,0
DA:42,0
LF:24
LH:10
BRDA:8,0,0,0
BRDA:8,0,1,4
BRDA:8,1,0,4
BRDA:8,1,1,0
BRDA:13,2,0,4
BRDA:13,2,1,0
BRDA:13,2,2,0
BRDA:15,3,0,4
BRDA:15,3,1,0
BRDA:18,4,0,0
BRDA:18,4,1,0
BRDA:21,5,0,0
BRDA:21,5,1,0
BRDA:33,6,0,0
BRDA:33,6,1,0
BRDA:37,7,0,0
BRDA:37,7,1,0
BRF:17
BRH:4
end_of_record
TN:
SF:src\utils\lyricsParser.ts
FN:7,parseLyricsToWords
FN:10,(anonymous_1)
FN:58,transposePlainText
FN:61,(anonymous_3)
FN:67,(anonymous_4)
FN:73,(anonymous_5)
FN:85,isChordLine
FN:90,(anonymous_7)
FN:106,convertPlainTextToInline
FNF:9
FNH:9
FNDA:9,parseLyricsToWords
FNDA:11,(anonymous_1)
FNDA:3,transposePlainText
FNDA:2,(anonymous_3)
FNDA:2,(anonymous_4)
FNDA:3,(anonymous_5)
FNDA:16,isChordLine
FNDA:40,(anonymous_7)
FNDA:2,convertPlainTextToInline
DA:8,9
DA:10,9
DA:11,11
DA:12,11
DA:13,11
DA:15,11
DA:16,140
DA:18,140
DA:20,16
DA:21,0
DA:22,0
DA:23,0
DA:27,16
DA:28,16
DA:29,16
DA:30,21
DA:31,21
DA:33,16
DA:35,124
DA:38,124
DA:39,18
DA:40,18
DA:41,18
DA:46,11
DA:47,11
DA:50,11
DA:59,3
DA:61,2
DA:64,2
DA:66,1
DA:67,1
DA:68,2
DA:71,1
DA:73,1
DA:74,3
DA:75,2
DA:77,1
DA:80,1
DA:86,16
DA:87,16
DA:90,40
DA:91,12
DA:94,12
DA:95,12
DA:97,12
DA:98,40
DA:102,12
DA:107,2
DA:108,2
DA:110,2
DA:111,3
DA:112,3
DA:113,2
DA:114,2
DA:116,2
DA:117,4
DA:120,2
DA:122,2
DA:123,1
DA:124,1
DA:125,1
DA:126,0
DA:129,1
DA:130,2
DA:131,2
DA:133,1
DA:134,1
DA:136,1
DA:137,1
DA:138,1
DA:139,2
DA:140,2
DA:142,1
DA:145,1
DA:148,2
LF:75
LH:71
BRDA:18,0,0,16
BRDA:18,0,1,124
BRDA:20,1,0,0
BRDA:20,1,1,16
BRDA:29,2,0,37
BRDA:29,2,1,37
BRDA:38,3,0,18
BRDA:38,3,1,106
BRDA:46,4,0,11
BRDA:46,4,1,0
BRDA:46,5,0,11
BRDA:46,5,1,0
BRDA:59,6,0,1
BRDA:59,6,1,2
BRDA:64,7,0,1
BRDA:64,7,1,1
BRDA:68,8,0,1
BRDA:68,8,1,1
BRDA:74,9,0,2
BRDA:74,9,1,1
BRDA:87,10,0,4
BRDA:87,10,1,12
BRDA:90,11,0,40
BRDA:90,11,1,40
BRDA:91,12,0,0
BRDA:91,12,1,12
BRDA:98,13,0,21
BRDA:98,13,1,19
BRDA:112,14,0,2
BRDA:112,14,1,1
BRDA:120,15,0,2
BRDA:120,15,1,0
BRDA:120,16,0,2
BRDA:120,16,1,2
BRDA:122,17,0,1
BRDA:122,17,1,1
BRDA:124,18,0,1
BRDA:124,18,1,0
BRDA:125,19,0,0
BRDA:125,19,1,1
BRF:40
BRH:33
end_of_record
TN:
SF:src\utils\useIsDarkMode.ts
FN:4,isDarkMode
FN:11,useIsDarkMode
FN:12,(anonymous_2)
FNF:3
FNH:1
FNDA:6,isDarkMode
FNDA:0,useIsDarkMode
FNDA:0,(anonymous_2)
DA:5,6
DA:6,4
DA:8,2
DA:12,0
DA:13,0
DA:14,0
LF:6
LH:3
BRDA:5,0,0,4
BRDA:5,0,1,2
BRF:2
BRH:2
end_of_record
